<?xml version="1.0" encoding="UTF-8"?>
<!-- Generated by org.testng.reporters.JUnitReportReporter -->
<testsuite hostname="User-VAIO" failures="0" tests="2" name="co.amazon.tests.HomepageTest" time="9.529" errors="0" timestamp="2022-09-27T14:33:59 IST" skipped="0">
  <testcase classname="co.amazon.tests.HomepageTest" name="login" time="0.015"/>
  <system-out/>
  <testcase classname="co.amazon.tests.HomepageTest" name="init1" time="9.514"/>
  <system-out/>
</testsuite> <!-- co.amazon.tests.HomepageTest -->
