<?xml version="1.0" encoding="UTF-8"?>
<!-- Generated by org.testng.reporters.JUnitReportReporter -->
<testsuite hostname="User-VAIO" failures="0" tests="2" name="co.amazon.tests.HomepageTest" time="5.863" errors="0" timestamp="2022-09-25T01:38:06 IST" skipped="0">
  <testcase classname="co.amazon.tests.HomepageTest" name="init2" time="0.008"/>
  <system-out/>
  <testcase classname="co.amazon.tests.HomepageTest" name="init1" time="5.855"/>
  <system-out/>
</testsuite> <!-- co.amazon.tests.HomepageTest -->
