<?xml version="1.0" encoding="UTF-8"?>
<!-- Generated by org.testng.reporters.JUnitXMLReporter -->
<testsuite ignored="2" hostname="User-VAIO" failures="0" tests="3" name="Surefire test" time="53.327" errors="0" timestamp="2022-09-28T16:52:52 IST">
  <testcase classname="co.amazon.tests.TestSenarios" name="login" time="11.289"/>
  <testcase classname="co.amazon.tests.TestSenarios" name="signup" time="8.621"/>
  <testcase classname="co.amazon.tests.TestSenarios" name="homesearchbox" time="9.749"/>
  <testcase classname="co.amazon.tests.Testbase" name="@AfterTest teardown" time="0.0">
    <ignored/>
  </testcase> <!-- @AfterTest teardown -->
  <testcase classname="co.amazon.tests.Testbase" name="@BeforeTest initialize" time="0.0">
    <ignored/>
  </testcase> <!-- @BeforeTest initialize -->
</testsuite> <!-- Surefire test -->
