<?xml version="1.0" encoding="UTF-8"?>
<!-- Generated by org.testng.reporters.JUnitXMLReporter -->
<testsuite ignored="2" hostname="User-VAIO" failures="0" tests="2" name="Surefire test" time="31.43" errors="0" timestamp="2022-09-25T01:38:05 IST">
  <testcase classname="co.amazon.tests.HomepageTest" name="init1" time="5.855"/>
  <testcase classname="co.amazon.tests.HomepageTest" name="init2" time="0.008"/>
  <testcase classname="co.amazon.tests.Testbase" name="@BeforeTest initialize" time="0.0">
    <ignored/>
  </testcase> <!-- @BeforeTest initialize -->
  <testcase classname="co.amazon.tests.Testbase" name="@AfterTest teardown" time="0.0">
    <ignored/>
  </testcase> <!-- @AfterTest teardown -->
</testsuite> <!-- Surefire test -->
