<?xml version="1.0" encoding="UTF-8"?>
<testng-results ignored="2" total="4" passed="2" failed="0" skipped="0">
  <reporter-output>
  </reporter-output>
  <suite started-at="2022-09-25T01:37:34 IST" name="Surefire suite" finished-at="2022-09-25T01:38:05 IST" duration-ms="31430">
    <groups>
    </groups>
    <test started-at="2022-09-25T01:37:34 IST" name="Surefire test" finished-at="2022-09-25T01:38:05 IST" duration-ms="31430">
      <class name="co.amazon.tests.HomepageTest">
        <test-method is-config="true" signature="initialize()[pri:0, instance:co.amazon.tests.HomepageTest@1cbb87f3]" started-at="2022-09-25T01:37:34 IST" name="initialize" finished-at="2022-09-25T01:37:50 IST" duration-ms="16394" status="PASS">
          <reporter-output>
          </reporter-output>
        </test-method> <!-- initialize -->
        <test-method signature="init1()[pri:0, instance:co.amazon.tests.HomepageTest@1cbb87f3]" started-at="2022-09-25T01:37:50 IST" name="init1" finished-at="2022-09-25T01:37:56 IST" duration-ms="5855" status="PASS">
          <reporter-output>
          </reporter-output>
        </test-method> <!-- init1 -->
        <test-method signature="init2()[pri:0, instance:co.amazon.tests.HomepageTest@1cbb87f3]" started-at="2022-09-25T01:37:56 IST" name="init2" finished-at="2022-09-25T01:37:56 IST" duration-ms="8" status="PASS">
          <reporter-output>
          </reporter-output>
        </test-method> <!-- init2 -->
        <test-method is-config="true" signature="teardown()[pri:0, instance:co.amazon.tests.HomepageTest@1cbb87f3]" started-at="2022-09-25T01:37:56 IST" name="teardown" finished-at="2022-09-25T01:38:05 IST" duration-ms="9089" status="PASS">
          <reporter-output>
          </reporter-output>
        </test-method> <!-- teardown -->
      </class> <!-- co.amazon.tests.HomepageTest -->
    </test> <!-- Surefire test -->
  </suite> <!-- Surefire suite -->
</testng-results>
