<?xml version="1.0" encoding="UTF-8"?>
<testng-results ignored="2" total="4" passed="2" failed="0" skipped="0">
  <reporter-output>
  </reporter-output>
  <suite started-at="2022-09-27T14:33:26 IST" name="Surefire suite" finished-at="2022-09-27T14:33:59 IST" duration-ms="32181">
    <groups>
    </groups>
    <test started-at="2022-09-27T14:33:26 IST" name="Surefire test" finished-at="2022-09-27T14:33:59 IST" duration-ms="32181">
      <class name="co.amazon.tests.HomepageTest">
        <test-method is-config="true" signature="initialize()[pri:0, instance:co.amazon.tests.HomepageTest@36d585c]" started-at="2022-09-27T14:33:26 IST" name="initialize" finished-at="2022-09-27T14:33:39 IST" duration-ms="12453" status="PASS">
          <reporter-output>
          </reporter-output>
        </test-method> <!-- initialize -->
        <test-method signature="init1()[pri:0, instance:co.amazon.tests.HomepageTest@36d585c]" started-at="2022-09-27T14:33:39 IST" name="init1" finished-at="2022-09-27T14:33:48 IST" duration-ms="9514" status="PASS">
          <reporter-output>
          </reporter-output>
        </test-method> <!-- init1 -->
        <test-method signature="login()[pri:0, instance:co.amazon.tests.HomepageTest@36d585c]" started-at="2022-09-27T14:33:48 IST" name="login" finished-at="2022-09-27T14:33:48 IST" duration-ms="15" status="PASS">
          <reporter-output>
          </reporter-output>
        </test-method> <!-- login -->
        <test-method is-config="true" signature="teardown()[pri:0, instance:co.amazon.tests.HomepageTest@36d585c]" started-at="2022-09-27T14:33:48 IST" name="teardown" finished-at="2022-09-27T14:33:59 IST" duration-ms="10114" status="PASS">
          <reporter-output>
          </reporter-output>
        </test-method> <!-- teardown -->
      </class> <!-- co.amazon.tests.HomepageTest -->
    </test> <!-- Surefire test -->
  </suite> <!-- Surefire suite -->
</testng-results>
